2014-11-02 12:00:38.725 GrowlabProjects[1996:113812] DiskCookieStorage changing policy from 2 to 0, cookie file: file:///Users/gioacchinopoletto/Library/Developer/CoreSimulator/Devices/CE3A62E5-81FB-4DE5-8370-CB2E338E2076/data/Containers/Data/Application/80D7195D-A52F-4F64-A848-5A52E8764A7D/Library/Cookies/Cookies.binarycookies
2014-11-02 12:00:38.877 GrowlabProjects[1996:113812] Apache Cordova native platform version 3.6.3 is starting.
2014-11-02 12:00:38.877 GrowlabProjects[1996:113812] Multi-tasking -> Device: YES, App: YES
2014-11-02 12:00:38.908 GrowlabProjects[1996:113812] Unlimited access to network resources
2014-11-02 12:00:38.918 GrowlabProjects[1996:113812] 

Started backup to iCloud! Please be careful.
Your application might be rejected by Apple if you store too much data.
For more information please read "iOS Data Storage Guidelines" at:
https://developer.apple.com/icloud/documentation/data-storage/

2014-11-02 12:00:41.304 GrowlabProjects[1996:113812] Resetting plugins due to page load.
2014-11-02 12:00:41.510 GrowlabProjects[1996:113812] Finished load of: file:///Users/gioacchinopoletto/Library/Developer/CoreSimulator/Devices/CE3A62E5-81FB-4DE5-8370-CB2E338E2076/data/Containers/Bundle/Application/D5B6EA39-D8E9-44F5-9BBA-E96C291226FB/GrowlabProjects.app/www/index.html
2014-11-02 12:04:18.988 GrowlabProjects[2132:123287] DiskCookieStorage changing policy from 2 to 0, cookie file: file:///Users/gioacchinopoletto/Library/Developer/CoreSimulator/Devices/CE3A62E5-81FB-4DE5-8370-CB2E338E2076/data/Containers/Data/Application/EA1752C8-2B9B-454F-B882-933BCFB76779/Library/Cookies/Cookies.binarycookies
2014-11-02 12:04:19.113 GrowlabProjects[2132:123287] Apache Cordova native platform version 3.6.3 is starting.
2014-11-02 12:04:19.114 GrowlabProjects[2132:123287] Multi-tasking -> Device: YES, App: YES
2014-11-02 12:04:19.123 GrowlabProjects[2132:123287] Unlimited access to network resources
2014-11-02 12:04:19.128 GrowlabProjects[2132:123287] 

Started backup to iCloud! Please be careful.
Your application might be rejected by Apple if you store too much data.
For more information please read "iOS Data Storage Guidelines" at:
https://developer.apple.com/icloud/documentation/data-storage/

2014-11-02 12:04:19.635 GrowlabProjects[2132:123287] Resetting plugins due to page load.
2014-11-02 12:04:19.764 GrowlabProjects[2132:123287] Finished load of: file:///Users/gioacchinopoletto/Library/Developer/CoreSimulator/Devices/CE3A62E5-81FB-4DE5-8370-CB2E338E2076/data/Containers/Bundle/Application/9F9E7CE5-E75A-4DBC-92E8-E5E01EBF7D6D/GrowlabProjects.app/www/index.html
